This file contains any messages produced by compilers while
running configure, to aid debugging if configure makes a mistake.

It was created by Protocol Buffers configure 3.3.0, which was
generated by GNU Autoconf 2.69.  Invocation command line was

  $ ./configure CPPFLAGS=-mmacosx-version-min=10.9 -Wunused-const-variable -Wunused-function CXXFLAGS=-Wnon-virtual-dtor -Woverloaded-virtual

## --------- ##
## Platform. ##
## --------- ##

hostname = cerulean.local
uname -m = x86_64
uname -r = 16.5.0
uname -s = Darwin
uname -v = Darwin Kernel Version 16.5.0: Sat Feb 11 10:05:53 PST 2017; root:xnu-3789.50.208~48/RELEASE_X86_64

/usr/bin/uname -p = i386
/bin/uname -X     = unknown

/bin/arch              = unknown
/usr/bin/arch -k       = unknown
/usr/convex/getsysinfo = unknown
/usr/bin/hostinfo      = Mach kernel version:
	 Darwin Kernel Version 16.5.0: Sat Feb 11 10:05:53 PST 2017; root:xnu-3789.50.208~48/RELEASE_X86_64
Kernel configured for up to 4 processors.
2 processors are physically available.
4 processors are logically available.
Processor type: x86_64h (Intel x86-64h Haswell)
Processors active: 0 1 2 3
Primary memory available: 16.00 gigabytes
Default processor set: 506 tasks, 2957 threads, 4 processors
Load average: 2.79, Mach factor: 1.27
/bin/machine           = unknown
/usr/bin/oslevel       = unknown
/bin/universe          = unknown

PATH: /usr/local/bin
PATH: /usr/bin
PATH: /bin
PATH: /usr/sbin
PATH: /sbin
PATH: /usr/local/go/bin
PATH: /Library/TeX/texbin
PATH: .
PATH: /Users/Overcyn/Workspace/go/bin
PATH: /Users/Overcyn/Workspace/scripts
PATH: /Applications/Arduino.app/Contents/Resources/Java/hardware/tools/avr/bin
PATH: /usr/local/google-cloud-sdk/bin
PATH: /Applications/Sublime Text.app/Contents/SharedSupport/bin


## ----------- ##
## Core tests. ##
## ----------- ##

configure:2603: checking whether to enable maintainer-specific portions of Makefiles
configure:2612: result: yes
configure:2687: checking build system type
configure:2701: result: x86_64-apple-darwin16.5.0
configure:2721: checking host system type
configure:2734: result: x86_64-apple-darwin16.5.0
configure:2754: checking target system type
configure:2767: result: x86_64-apple-darwin16.5.0
configure:2810: checking for a BSD-compatible install
configure:2878: result: /usr/bin/install -c
configure:2889: checking whether build environment is sane
configure:2944: result: yes
configure:3095: checking for a thread-safe mkdir -p
configure:3134: result: ./install-sh -c -d
configure:3141: checking for gawk
configure:3171: result: no
configure:3141: checking for mawk
configure:3171: result: no
configure:3141: checking for nawk
configure:3171: result: no
configure:3141: checking for awk
configure:3157: found /usr/bin/awk
configure:3168: result: awk
configure:3179: checking whether make sets $(MAKE)
configure:3201: result: yes
configure:3230: checking whether make supports nested variables
configure:3247: result: yes
configure:3336: checking whether UID '501' is supported by ustar format
configure:3339: result: yes
configure:3346: checking whether GID '20' is supported by ustar format
configure:3349: result: yes
configure:3357: checking how to create a ustar tar archive
configure:3368: tar --version
bsdtar 2.8.3 - libarchive 2.8.3
configure:3371: $? = 0
configure:3411: tardir=conftest.dir && eval tar --format=ustar -chf - "$tardir" >conftest.tar
configure:3414: $? = 0
configure:3418: tar -xf - <conftest.tar
configure:3421: $? = 0
configure:3423: cat conftest.dir/file
GrepMe
configure:3426: $? = 0
configure:3439: result: gnutar
configure:3557: checking for gcc
configure:3573: found /usr/bin/gcc
configure:3584: result: gcc
configure:3813: checking for C compiler version
configure:3822: gcc --version >&5
Apple LLVM version 8.1.0 (clang-802.0.42)
Target: x86_64-apple-darwin16.5.0
Thread model: posix
InstalledDir: /Applications/Xcode.app/Contents/Developer/Toolchains/XcodeDefault.xctoolchain/usr/bin
Configured with: --prefix=/Applications/Xcode.app/Contents/Developer/usr --with-gxx-include-dir=/Applications/Xcode.app/Contents/Developer/Platforms/MacOSX.platform/Developer/SDKs/MacOSX10.12.sdk/usr/include/c++/4.2.1
configure:3833: $? = 0
configure:3822: gcc -v >&5
Configured with: --prefix=/Applications/Xcode.app/Contents/Developer/usr --with-gxx-include-dir=/Applications/Xcode.app/Contents/Developer/Platforms/MacOSX.platform/Developer/SDKs/MacOSX10.12.sdk/usr/include/c++/4.2.1
Apple LLVM version 8.1.0 (clang-802.0.42)
Target: x86_64-apple-darwin16.5.0
Thread model: posix
InstalledDir: /Applications/Xcode.app/Contents/Developer/Toolchains/XcodeDefault.xctoolchain/usr/bin
configure:3833: $? = 0
configure:3822: gcc -V >&5
clang: error: argument to '-V' is missing (expected 1 value)
clang: error: no input files
configure:3833: $? = 1
configure:3822: gcc -qversion >&5
clang: error: unknown argument: '-qversion'
clang: error: no input files
configure:3833: $? = 1
configure:3853: checking whether the C compiler works
configure:3875: gcc  -mmacosx-version-min=10.9 -Wunused-const-variable -Wunused-function  conftest.c  >&5
configure:3879: $? = 0
configure:3927: result: yes
configure:3930: checking for C compiler default output file name
configure:3932: result: a.out
configure:3938: checking for suffix of executables
configure:3945: gcc -o conftest  -mmacosx-version-min=10.9 -Wunused-const-variable -Wunused-function  conftest.c  >&5
configure:3949: $? = 0
configure:3971: result: 
configure:3993: checking whether we are cross compiling
configure:4001: gcc -o conftest  -mmacosx-version-min=10.9 -Wunused-const-variable -Wunused-function  conftest.c  >&5
configure:4005: $? = 0
configure:4012: ./conftest
configure:4016: $? = 0
configure:4031: result: no
configure:4036: checking for suffix of object files
configure:4058: gcc -c  -mmacosx-version-min=10.9 -Wunused-const-variable -Wunused-function conftest.c >&5
configure:4062: $? = 0
configure:4083: result: o
configure:4087: checking whether we are using the GNU C compiler
configure:4106: gcc -c  -mmacosx-version-min=10.9 -Wunused-const-variable -Wunused-function conftest.c >&5
configure:4106: $? = 0
configure:4115: result: yes
configure:4124: checking whether gcc accepts -g
configure:4144: gcc -c -g -mmacosx-version-min=10.9 -Wunused-const-variable -Wunused-function conftest.c >&5
configure:4144: $? = 0
configure:4185: result: yes
configure:4202: checking for gcc option to accept ISO C89
configure:4265: gcc  -c  -mmacosx-version-min=10.9 -Wunused-const-variable -Wunused-function conftest.c >&5
configure:4265: $? = 0
configure:4278: result: none needed
configure:4303: checking whether gcc understands -c and -o together
configure:4325: gcc -c conftest.c -o conftest2.o
configure:4328: $? = 0
configure:4325: gcc -c conftest.c -o conftest2.o
configure:4328: $? = 0
configure:4340: result: yes
configure:4368: checking for style of include used by make
configure:4396: result: GNU
configure:4422: checking dependency style of gcc
configure:4533: result: gcc3
configure:4606: checking for g++
configure:4622: found /usr/bin/g++
configure:4633: result: g++
configure:4660: checking for C++ compiler version
configure:4669: g++ --version >&5
Apple LLVM version 8.1.0 (clang-802.0.42)
Target: x86_64-apple-darwin16.5.0
Thread model: posix
InstalledDir: /Applications/Xcode.app/Contents/Developer/Toolchains/XcodeDefault.xctoolchain/usr/bin
Configured with: --prefix=/Applications/Xcode.app/Contents/Developer/usr --with-gxx-include-dir=/Applications/Xcode.app/Contents/Developer/Platforms/MacOSX.platform/Developer/SDKs/MacOSX10.12.sdk/usr/include/c++/4.2.1
configure:4680: $? = 0
configure:4669: g++ -v >&5
Configured with: --prefix=/Applications/Xcode.app/Contents/Developer/usr --with-gxx-include-dir=/Applications/Xcode.app/Contents/Developer/Platforms/MacOSX.platform/Developer/SDKs/MacOSX10.12.sdk/usr/include/c++/4.2.1
Apple LLVM version 8.1.0 (clang-802.0.42)
Target: x86_64-apple-darwin16.5.0
Thread model: posix
InstalledDir: /Applications/Xcode.app/Contents/Developer/Toolchains/XcodeDefault.xctoolchain/usr/bin
configure:4680: $? = 0
configure:4669: g++ -V >&5
clang: error: argument to '-V' is missing (expected 1 value)
clang: error: no input files
configure:4680: $? = 1
configure:4669: g++ -qversion >&5
clang: error: unknown argument: '-qversion'
clang: error: no input files
configure:4680: $? = 1
configure:4684: checking whether we are using the GNU C++ compiler
configure:4703: g++ -c -Wnon-virtual-dtor -Woverloaded-virtual -mmacosx-version-min=10.9 -Wunused-const-variable -Wunused-function conftest.cpp >&5
configure:4703: $? = 0
configure:4712: result: yes
configure:4721: checking whether g++ accepts -g
configure:4741: g++ -c -g -mmacosx-version-min=10.9 -Wunused-const-variable -Wunused-function conftest.cpp >&5
configure:4741: $? = 0
configure:4782: result: yes
configure:4807: checking dependency style of g++
configure:4918: result: gcc3
configure:4938: checking how to run the C preprocessor
configure:4969: gcc -E -mmacosx-version-min=10.9 -Wunused-const-variable -Wunused-function conftest.c
configure:4969: $? = 0
configure:4983: gcc -E -mmacosx-version-min=10.9 -Wunused-const-variable -Wunused-function conftest.c
conftest.c:11:10: fatal error: 'ac_nonexistent.h' file not found
#include <ac_nonexistent.h>
         ^
1 error generated.
configure:4983: $? = 1
configure: failed program was:
| /* confdefs.h */
| #define PACKAGE_NAME "Protocol Buffers"
| #define PACKAGE_TARNAME "protobuf"
| #define PACKAGE_VERSION "3.3.0"
| #define PACKAGE_STRING "Protocol Buffers 3.3.0"
| #define PACKAGE_BUGREPORT "protobuf@googlegroups.com"
| #define PACKAGE_URL ""
| #define PACKAGE "protobuf"
| #define VERSION "3.3.0"
| /* end confdefs.h.  */
| #include <ac_nonexistent.h>
configure:5008: result: gcc -E
configure:5028: gcc -E -mmacosx-version-min=10.9 -Wunused-const-variable -Wunused-function conftest.c
configure:5028: $? = 0
configure:5042: gcc -E -mmacosx-version-min=10.9 -Wunused-const-variable -Wunused-function conftest.c
conftest.c:11:10: fatal error: 'ac_nonexistent.h' file not found
#include <ac_nonexistent.h>
         ^
1 error generated.
configure:5042: $? = 1
configure: failed program was:
| /* confdefs.h */
| #define PACKAGE_NAME "Protocol Buffers"
| #define PACKAGE_TARNAME "protobuf"
| #define PACKAGE_VERSION "3.3.0"
| #define PACKAGE_STRING "Protocol Buffers 3.3.0"
| #define PACKAGE_BUGREPORT "protobuf@googlegroups.com"
| #define PACKAGE_URL ""
| #define PACKAGE "protobuf"
| #define VERSION "3.3.0"
| /* end confdefs.h.  */
| #include <ac_nonexistent.h>
configure:5126: checking for gcc
configure:5142: found /usr/bin/gcc
configure:5153: result: gcc
configure:5382: checking for C compiler version
configure:5391: gcc --version >&5
Apple LLVM version 8.1.0 (clang-802.0.42)
Target: x86_64-apple-darwin16.5.0
Thread model: posix
InstalledDir: /Applications/Xcode.app/Contents/Developer/Toolchains/XcodeDefault.xctoolchain/usr/bin
Configured with: --prefix=/Applications/Xcode.app/Contents/Developer/usr --with-gxx-include-dir=/Applications/Xcode.app/Contents/Developer/Platforms/MacOSX.platform/Developer/SDKs/MacOSX10.12.sdk/usr/include/c++/4.2.1
configure:5402: $? = 0
configure:5391: gcc -v >&5
Configured with: --prefix=/Applications/Xcode.app/Contents/Developer/usr --with-gxx-include-dir=/Applications/Xcode.app/Contents/Developer/Platforms/MacOSX.platform/Developer/SDKs/MacOSX10.12.sdk/usr/include/c++/4.2.1
Apple LLVM version 8.1.0 (clang-802.0.42)
Target: x86_64-apple-darwin16.5.0
Thread model: posix
InstalledDir: /Applications/Xcode.app/Contents/Developer/Toolchains/XcodeDefault.xctoolchain/usr/bin
configure:5402: $? = 0
configure:5391: gcc -V >&5
clang: error: argument to '-V' is missing (expected 1 value)
clang: error: no input files
configure:5402: $? = 1
configure:5391: gcc -qversion >&5
clang: error: unknown argument: '-qversion'
clang: error: no input files
configure:5402: $? = 1
configure:5406: checking whether we are using the GNU C compiler
configure:5434: result: yes
configure:5443: checking whether gcc accepts -g
configure:5463: gcc -c  -mmacosx-version-min=10.9 -Wunused-const-variable -Wunused-function conftest.c >&5
configure:5463: $? = 0
configure:5504: result: yes
configure:5521: checking for gcc option to accept ISO C89
configure:5597: result: none needed
configure:5622: checking whether gcc understands -c and -o together
configure:5659: result: yes
configure:5678: checking dependency style of gcc
configure:5789: result: gcc3
configure:5809: checking how to run the C preprocessor
configure:5840: gcc -E -mmacosx-version-min=10.9 -Wunused-const-variable -Wunused-function conftest.c
configure:5840: $? = 0
configure:5854: gcc -E -mmacosx-version-min=10.9 -Wunused-const-variable -Wunused-function conftest.c
conftest.c:11:10: fatal error: 'ac_nonexistent.h' file not found
#include <ac_nonexistent.h>
         ^
1 error generated.
configure:5854: $? = 1
configure: failed program was:
| /* confdefs.h */
| #define PACKAGE_NAME "Protocol Buffers"
| #define PACKAGE_TARNAME "protobuf"
| #define PACKAGE_VERSION "3.3.0"
| #define PACKAGE_STRING "Protocol Buffers 3.3.0"
| #define PACKAGE_BUGREPORT "protobuf@googlegroups.com"
| #define PACKAGE_URL ""
| #define PACKAGE "protobuf"
| #define VERSION "3.3.0"
| /* end confdefs.h.  */
| #include <ac_nonexistent.h>
configure:5879: result: gcc -E
configure:5899: gcc -E -mmacosx-version-min=10.9 -Wunused-const-variable -Wunused-function conftest.c
configure:5899: $? = 0
configure:5913: gcc -E -mmacosx-version-min=10.9 -Wunused-const-variable -Wunused-function conftest.c
conftest.c:11:10: fatal error: 'ac_nonexistent.h' file not found
#include <ac_nonexistent.h>
         ^
1 error generated.
configure:5913: $? = 1
configure: failed program was:
| /* confdefs.h */
| #define PACKAGE_NAME "Protocol Buffers"
| #define PACKAGE_TARNAME "protobuf"
| #define PACKAGE_VERSION "3.3.0"
| #define PACKAGE_STRING "Protocol Buffers 3.3.0"
| #define PACKAGE_BUGREPORT "protobuf@googlegroups.com"
| #define PACKAGE_URL ""
| #define PACKAGE "protobuf"
| #define VERSION "3.3.0"
| /* end confdefs.h.  */
| #include <ac_nonexistent.h>
configure:5955: checking how to run the C++ preprocessor
configure:5982: g++ -E -mmacosx-version-min=10.9 -Wunused-const-variable -Wunused-function conftest.cpp
configure:5982: $? = 0
configure:5996: g++ -E -mmacosx-version-min=10.9 -Wunused-const-variable -Wunused-function conftest.cpp
conftest.cpp:11:10: fatal error: 'ac_nonexistent.h' file not found
#include <ac_nonexistent.h>
         ^
1 error generated.
configure:5996: $? = 1
configure: failed program was:
| /* confdefs.h */
| #define PACKAGE_NAME "Protocol Buffers"
| #define PACKAGE_TARNAME "protobuf"
| #define PACKAGE_VERSION "3.3.0"
| #define PACKAGE_STRING "Protocol Buffers 3.3.0"
| #define PACKAGE_BUGREPORT "protobuf@googlegroups.com"
| #define PACKAGE_URL ""
| #define PACKAGE "protobuf"
| #define VERSION "3.3.0"
| /* end confdefs.h.  */
| #include <ac_nonexistent.h>
configure:6021: result: g++ -E
configure:6041: g++ -E -mmacosx-version-min=10.9 -Wunused-const-variable -Wunused-function conftest.cpp
configure:6041: $? = 0
configure:6055: g++ -E -mmacosx-version-min=10.9 -Wunused-const-variable -Wunused-function conftest.cpp
conftest.cpp:11:10: fatal error: 'ac_nonexistent.h' file not found
#include <ac_nonexistent.h>
         ^
1 error generated.
configure:6055: $? = 1
configure: failed program was:
| /* confdefs.h */
| #define PACKAGE_NAME "Protocol Buffers"
| #define PACKAGE_TARNAME "protobuf"
| #define PACKAGE_VERSION "3.3.0"
| #define PACKAGE_STRING "Protocol Buffers 3.3.0"
| #define PACKAGE_BUGREPORT "protobuf@googlegroups.com"
| #define PACKAGE_URL ""
| #define PACKAGE "protobuf"
| #define VERSION "3.3.0"
| /* end confdefs.h.  */
| #include <ac_nonexistent.h>
configure:6148: checking for g++
configure:6164: found /usr/bin/g++
configure:6175: result: g++
configure:6202: checking for C++ compiler version
configure:6211: g++ --version >&5
Apple LLVM version 8.1.0 (clang-802.0.42)
Target: x86_64-apple-darwin16.5.0
Thread model: posix
InstalledDir: /Applications/Xcode.app/Contents/Developer/Toolchains/XcodeDefault.xctoolchain/usr/bin
Configured with: --prefix=/Applications/Xcode.app/Contents/Developer/usr --with-gxx-include-dir=/Applications/Xcode.app/Contents/Developer/Platforms/MacOSX.platform/Developer/SDKs/MacOSX10.12.sdk/usr/include/c++/4.2.1
configure:6222: $? = 0
configure:6211: g++ -v >&5
Configured with: --prefix=/Applications/Xcode.app/Contents/Developer/usr --with-gxx-include-dir=/Applications/Xcode.app/Contents/Developer/Platforms/MacOSX.platform/Developer/SDKs/MacOSX10.12.sdk/usr/include/c++/4.2.1
Apple LLVM version 8.1.0 (clang-802.0.42)
Target: x86_64-apple-darwin16.5.0
Thread model: posix
InstalledDir: /Applications/Xcode.app/Contents/Developer/Toolchains/XcodeDefault.xctoolchain/usr/bin
configure:6222: $? = 0
configure:6211: g++ -V >&5
clang: error: argument to '-V' is missing (expected 1 value)
clang: error: no input files
configure:6222: $? = 1
configure:6211: g++ -qversion >&5
clang: error: unknown argument: '-qversion'
clang: error: no input files
configure:6222: $? = 1
configure:6226: checking whether we are using the GNU C++ compiler
configure:6254: result: yes
configure:6263: checking whether g++ accepts -g
configure:6283: gcc -c  -mmacosx-version-min=10.9 -Wunused-const-variable -Wunused-function conftest.cpp >&5
configure:6283: $? = 0
configure:6324: result: yes
configure:6349: checking dependency style of g++
configure:6460: result: gcc3
configure:6480: checking how to run the C++ preprocessor
configure:6507: g++ -E  conftest.cpp
configure:6507: $? = 0
configure:6521: g++ -E  conftest.cpp
conftest.cpp:11:10: fatal error: 'ac_nonexistent.h' file not found
#include <ac_nonexistent.h>
         ^
1 error generated.
configure:6521: $? = 1
configure: failed program was:
| /* confdefs.h */
| #define PACKAGE_NAME "Protocol Buffers"
| #define PACKAGE_TARNAME "protobuf"
| #define PACKAGE_VERSION "3.3.0"
| #define PACKAGE_STRING "Protocol Buffers 3.3.0"
| #define PACKAGE_BUGREPORT "protobuf@googlegroups.com"
| #define PACKAGE_URL ""
| #define PACKAGE "protobuf"
| #define VERSION "3.3.0"
| /* end confdefs.h.  */
| #include <ac_nonexistent.h>
configure:6546: result: g++ -E
configure:6566: g++ -E  conftest.cpp
configure:6566: $? = 0
configure:6580: g++ -E  conftest.cpp
conftest.cpp:11:10: fatal error: 'ac_nonexistent.h' file not found
#include <ac_nonexistent.h>
         ^
1 error generated.
configure:6580: $? = 1
configure: failed program was:
| /* confdefs.h */
| #define PACKAGE_NAME "Protocol Buffers"
| #define PACKAGE_TARNAME "protobuf"
| #define PACKAGE_VERSION "3.3.0"
| #define PACKAGE_STRING "Protocol Buffers 3.3.0"
| #define PACKAGE_BUGREPORT "protobuf@googlegroups.com"
| #define PACKAGE_URL ""
| #define PACKAGE "protobuf"
| #define VERSION "3.3.0"
| /* end confdefs.h.  */
| #include <ac_nonexistent.h>
configure:6622: checking for grep that handles long lines and -e
configure:6680: result: /usr/bin/grep
configure:6685: checking for egrep
configure:6747: result: /usr/bin/grep -E
configure:6752: checking for ANSI C header files
configure:6772: g++ -c -Wnon-virtual-dtor -Woverloaded-virtual -mmacosx-version-min=10.9 -Wunused-const-variable -Wunused-function conftest.cpp >&5
configure:6772: $? = 0
configure:6845: g++ -o conftest -Wnon-virtual-dtor -Woverloaded-virtual -mmacosx-version-min=10.9 -Wunused-const-variable -Wunused-function  conftest.cpp  >&5
configure:6845: $? = 0
configure:6845: ./conftest
configure:6845: $? = 0
configure:6856: result: yes
configure:6869: checking for sys/types.h
configure:6869: g++ -c -Wnon-virtual-dtor -Woverloaded-virtual -mmacosx-version-min=10.9 -Wunused-const-variable -Wunused-function conftest.cpp >&5
configure:6869: $? = 0
configure:6869: result: yes
configure:6869: checking for sys/stat.h
configure:6869: g++ -c -Wnon-virtual-dtor -Woverloaded-virtual -mmacosx-version-min=10.9 -Wunused-const-variable -Wunused-function conftest.cpp >&5
configure:6869: $? = 0
configure:6869: result: yes
configure:6869: checking for stdlib.h
configure:6869: g++ -c -Wnon-virtual-dtor -Woverloaded-virtual -mmacosx-version-min=10.9 -Wunused-const-variable -Wunused-function conftest.cpp >&5
configure:6869: $? = 0
configure:6869: result: yes
configure:6869: checking for string.h
configure:6869: g++ -c -Wnon-virtual-dtor -Woverloaded-virtual -mmacosx-version-min=10.9 -Wunused-const-variable -Wunused-function conftest.cpp >&5
configure:6869: $? = 0
configure:6869: result: yes
configure:6869: checking for memory.h
configure:6869: g++ -c -Wnon-virtual-dtor -Woverloaded-virtual -mmacosx-version-min=10.9 -Wunused-const-variable -Wunused-function conftest.cpp >&5
configure:6869: $? = 0
configure:6869: result: yes
configure:6869: checking for strings.h
configure:6869: g++ -c -Wnon-virtual-dtor -Woverloaded-virtual -mmacosx-version-min=10.9 -Wunused-const-variable -Wunused-function conftest.cpp >&5
configure:6869: $? = 0
configure:6869: result: yes
configure:6869: checking for inttypes.h
configure:6869: g++ -c -Wnon-virtual-dtor -Woverloaded-virtual -mmacosx-version-min=10.9 -Wunused-const-variable -Wunused-function conftest.cpp >&5
configure:6869: $? = 0
configure:6869: result: yes
configure:6869: checking for stdint.h
configure:6869: g++ -c -Wnon-virtual-dtor -Woverloaded-virtual -mmacosx-version-min=10.9 -Wunused-const-variable -Wunused-function conftest.cpp >&5
configure:6869: $? = 0
configure:6869: result: yes
configure:6869: checking for unistd.h
configure:6869: g++ -c -Wnon-virtual-dtor -Woverloaded-virtual -mmacosx-version-min=10.9 -Wunused-const-variable -Wunused-function conftest.cpp >&5
configure:6869: $? = 0
configure:6869: result: yes
configure:6882: checking minix/config.h usability
configure:6882: g++ -c -Wnon-virtual-dtor -Woverloaded-virtual -mmacosx-version-min=10.9 -Wunused-const-variable -Wunused-function conftest.cpp >&5
conftest.cpp:54:10: fatal error: 'minix/config.h' file not found
#include <minix/config.h>
         ^
1 error generated.
configure:6882: $? = 1
configure: failed program was:
| /* confdefs.h */
| #define PACKAGE_NAME "Protocol Buffers"
| #define PACKAGE_TARNAME "protobuf"
| #define PACKAGE_VERSION "3.3.0"
| #define PACKAGE_STRING "Protocol Buffers 3.3.0"
| #define PACKAGE_BUGREPORT "protobuf@googlegroups.com"
| #define PACKAGE_URL ""
| #define PACKAGE "protobuf"
| #define VERSION "3.3.0"
| #define STDC_HEADERS 1
| #define HAVE_SYS_TYPES_H 1
| #define HAVE_SYS_STAT_H 1
| #define HAVE_STDLIB_H 1
| #define HAVE_STRING_H 1
| #define HAVE_MEMORY_H 1
| #define HAVE_STRINGS_H 1
| #define HAVE_INTTYPES_H 1
| #define HAVE_STDINT_H 1
| #define HAVE_UNISTD_H 1
| /* end confdefs.h.  */
| #include <stdio.h>
| #ifdef HAVE_SYS_TYPES_H
| # include <sys/types.h>
| #endif
| #ifdef HAVE_SYS_STAT_H
| # include <sys/stat.h>
| #endif
| #ifdef STDC_HEADERS
| # include <stdlib.h>
| # include <stddef.h>
| #else
| # ifdef HAVE_STDLIB_H
| #  include <stdlib.h>
| # endif
| #endif
| #ifdef HAVE_STRING_H
| # if !defined STDC_HEADERS && defined HAVE_MEMORY_H
| #  include <memory.h>
| # endif
| # include <string.h>
| #endif
| #ifdef HAVE_STRINGS_H
| # include <strings.h>
| #endif
| #ifdef HAVE_INTTYPES_H
| # include <inttypes.h>
| #endif
| #ifdef HAVE_STDINT_H
| # include <stdint.h>
| #endif
| #ifdef HAVE_UNISTD_H
| # include <unistd.h>
| #endif
| #include <minix/config.h>
configure:6882: result: no
configure:6882: checking minix/config.h presence
configure:6882: g++ -E -mmacosx-version-min=10.9 -Wunused-const-variable -Wunused-function conftest.cpp
conftest.cpp:21:10: fatal error: 'minix/config.h' file not found
#include <minix/config.h>
         ^
1 error generated.
configure:6882: $? = 1
configure: failed program was:
| /* confdefs.h */
| #define PACKAGE_NAME "Protocol Buffers"
| #define PACKAGE_TARNAME "protobuf"
| #define PACKAGE_VERSION "3.3.0"
| #define PACKAGE_STRING "Protocol Buffers 3.3.0"
| #define PACKAGE_BUGREPORT "protobuf@googlegroups.com"
| #define PACKAGE_URL ""
| #define PACKAGE "protobuf"
| #define VERSION "3.3.0"
| #define STDC_HEADERS 1
| #define HAVE_SYS_TYPES_H 1
| #define HAVE_SYS_STAT_H 1
| #define HAVE_STDLIB_H 1
| #define HAVE_STRING_H 1
| #define HAVE_MEMORY_H 1
| #define HAVE_STRINGS_H 1
| #define HAVE_INTTYPES_H 1
| #define HAVE_STDINT_H 1
| #define HAVE_UNISTD_H 1
| /* end confdefs.h.  */
| #include <minix/config.h>
configure:6882: result: no
configure:6882: checking for minix/config.h
configure:6882: result: no
configure:6903: checking whether it is safe to define __EXTENSIONS__
configure:6921: g++ -c -Wnon-virtual-dtor -Woverloaded-virtual -mmacosx-version-min=10.9 -Wunused-const-variable -Wunused-function conftest.cpp >&5
configure:6921: $? = 0
configure:6928: result: yes
configure:6997: checking for ar
configure:7013: found /usr/bin/ar
configure:7024: result: ar
configure:7050: checking the archiver (ar) interface
configure:7066: gcc -c  -mmacosx-version-min=10.9 -Wunused-const-variable -Wunused-function conftest.c >&5
configure:7066: $? = 0
configure:7068: ar cru libconftest.a conftest.o >&5
configure:7071: $? = 0
configure:7099: result: ar
configure:7181: checking for gcc
configure:7197: found /usr/bin/gcc
configure:7208: result: gcc
configure:7233: checking for Objective C compiler version
configure:7242: gcc --version >&5
Apple LLVM version 8.1.0 (clang-802.0.42)
Target: x86_64-apple-darwin16.5.0
Thread model: posix
InstalledDir: /Applications/Xcode.app/Contents/Developer/Toolchains/XcodeDefault.xctoolchain/usr/bin
Configured with: --prefix=/Applications/Xcode.app/Contents/Developer/usr --with-gxx-include-dir=/Applications/Xcode.app/Contents/Developer/Platforms/MacOSX.platform/Developer/SDKs/MacOSX10.12.sdk/usr/include/c++/4.2.1
configure:7253: $? = 0
configure:7242: gcc -v >&5
Configured with: --prefix=/Applications/Xcode.app/Contents/Developer/usr --with-gxx-include-dir=/Applications/Xcode.app/Contents/Developer/Platforms/MacOSX.platform/Developer/SDKs/MacOSX10.12.sdk/usr/include/c++/4.2.1
Apple LLVM version 8.1.0 (clang-802.0.42)
Target: x86_64-apple-darwin16.5.0
Thread model: posix
InstalledDir: /Applications/Xcode.app/Contents/Developer/Toolchains/XcodeDefault.xctoolchain/usr/bin
configure:7253: $? = 0
configure:7242: gcc -V >&5
clang: error: argument to '-V' is missing (expected 1 value)
clang: error: no input files
configure:7253: $? = 1
configure:7242: gcc -qversion >&5
clang: error: unknown argument: '-qversion'
clang: error: no input files
configure:7253: $? = 1
configure:7257: checking whether we are using the GNU Objective C compiler
configure:7276: gcc -c  -mmacosx-version-min=10.9 -Wunused-const-variable -Wunused-function conftest.m >&5
configure:7276: $? = 0
configure:7285: result: yes
configure:7294: checking whether gcc accepts -g
configure:7314: gcc -c -g -mmacosx-version-min=10.9 -Wunused-const-variable -Wunused-function conftest.m >&5
configure:7314: $? = 0
configure:7355: result: yes
configure:7380: checking dependency style of gcc
configure:7489: result: gcc3
configure:7506: checking C++ compiler flags...
configure:7527: result: use user-supplied: -Wnon-virtual-dtor -Woverloaded-virtual
configure:7542: checking whether __SUNPRO_CC is declared
configure:7542: g++ -c -Wnon-virtual-dtor -Woverloaded-virtual -mmacosx-version-min=10.9 -Wunused-const-variable -Wunused-function conftest.cpp >&5
conftest.cpp:64:10: error: use of undeclared identifier '__SUNPRO_CC'
  (void) __SUNPRO_CC;
         ^
1 error generated.
configure:7542: $? = 1
configure: failed program was:
| /* confdefs.h */
| #define PACKAGE_NAME "Protocol Buffers"
| #define PACKAGE_TARNAME "protobuf"
| #define PACKAGE_VERSION "3.3.0"
| #define PACKAGE_STRING "Protocol Buffers 3.3.0"
| #define PACKAGE_BUGREPORT "protobuf@googlegroups.com"
| #define PACKAGE_URL ""
| #define PACKAGE "protobuf"
| #define VERSION "3.3.0"
| #define STDC_HEADERS 1
| #define HAVE_SYS_TYPES_H 1
| #define HAVE_SYS_STAT_H 1
| #define HAVE_STDLIB_H 1
| #define HAVE_STRING_H 1
| #define HAVE_MEMORY_H 1
| #define HAVE_STRINGS_H 1
| #define HAVE_INTTYPES_H 1
| #define HAVE_STDINT_H 1
| #define HAVE_UNISTD_H 1
| #define __EXTENSIONS__ 1
| #define _ALL_SOURCE 1
| #define _GNU_SOURCE 1
| #define _POSIX_PTHREAD_SEMANTICS 1
| #define _TANDEM_SOURCE 1
| /* end confdefs.h.  */
| #include <stdio.h>
| #ifdef HAVE_SYS_TYPES_H
| # include <sys/types.h>
| #endif
| #ifdef HAVE_SYS_STAT_H
| # include <sys/stat.h>
| #endif
| #ifdef STDC_HEADERS
| # include <stdlib.h>
| # include <stddef.h>
| #else
| # ifdef HAVE_STDLIB_H
| #  include <stdlib.h>
| # endif
| #endif
| #ifdef HAVE_STRING_H
| # if !defined STDC_HEADERS && defined HAVE_MEMORY_H
| #  include <memory.h>
| # endif
| # include <string.h>
| #endif
| #ifdef HAVE_STRINGS_H
| # include <strings.h>
| #endif
| #ifdef HAVE_INTTYPES_H
| # include <inttypes.h>
| #endif
| #ifdef HAVE_STDINT_H
| # include <stdint.h>
| #endif
| #ifdef HAVE_UNISTD_H
| # include <unistd.h>
| #endif
| int
| main ()
| {
| #ifndef __SUNPRO_CC
| #ifdef __cplusplus
|   (void) __SUNPRO_CC;
| #else
|   (void) __SUNPRO_CC;
| #endif
| #endif
| 
|   ;
|   return 0;
| }
configure:7542: result: no
configure:7706: checking how to print strings
configure:7733: result: printf
configure:7754: checking for a sed that does not truncate output
configure:7818: result: /usr/bin/sed
configure:7836: checking for fgrep
configure:7898: result: /usr/bin/grep -F
configure:7933: checking for ld used by gcc
configure:8000: result: /Applications/Xcode.app/Contents/Developer/Toolchains/XcodeDefault.xctoolchain/usr/bin/ld
configure:8007: checking if the linker (/Applications/Xcode.app/Contents/Developer/Toolchains/XcodeDefault.xctoolchain/usr/bin/ld) is GNU ld
configure:8022: result: no
configure:8034: checking for BSD- or MS-compatible name lister (nm)
configure:8088: result: /usr/bin/nm -B
configure:8218: checking the name lister (/usr/bin/nm -B) interface
configure:8225: g++ -c -Wnon-virtual-dtor -Woverloaded-virtual -mmacosx-version-min=10.9 -Wunused-const-variable -Wunused-function conftest.cpp >&5
configure:8228: /usr/bin/nm -B "conftest.o"
configure:8231: output
0000000000000000 S _some_variable
configure:8238: result: BSD nm
configure:8241: checking whether ln -s works
configure:8245: result: yes
configure:8253: checking the maximum length of command line arguments
configure:8384: result: 196608
configure:8432: checking how to convert x86_64-apple-darwin16.5.0 file names to x86_64-apple-darwin16.5.0 format
configure:8472: result: func_convert_file_noop
configure:8479: checking how to convert x86_64-apple-darwin16.5.0 file names to toolchain format
configure:8499: result: func_convert_file_noop
configure:8506: checking for /Applications/Xcode.app/Contents/Developer/Toolchains/XcodeDefault.xctoolchain/usr/bin/ld option to reload object files
configure:8513: result: -r
configure:8587: checking for objdump
configure:8603: found /usr/bin/objdump
configure:8614: result: objdump
configure:8646: checking how to recognize dependent libraries
configure:8846: result: pass_all
configure:8931: checking for dlltool
configure:8961: result: no
configure:8991: checking how to associate runtime and link libraries
configure:9018: result: printf %s\n
configure:9142: checking for archiver @FILE support
configure:9159: g++ -c -Wnon-virtual-dtor -Woverloaded-virtual -mmacosx-version-min=10.9 -Wunused-const-variable -Wunused-function conftest.cpp >&5
configure:9159: $? = 0
configure:9162: ar cru libconftest.a @conftest.lst >&5
ar: @conftest.lst: No such file or directory
configure:9165: $? = 1
configure:9185: result: no
configure:9243: checking for strip
configure:9259: found /usr/bin/strip
configure:9270: result: strip
configure:9342: checking for ranlib
configure:9358: found /usr/bin/ranlib
configure:9369: result: ranlib
configure:9471: checking command to parse /usr/bin/nm -B output from gcc object
configure:9624: g++ -c -Wnon-virtual-dtor -Woverloaded-virtual -mmacosx-version-min=10.9 -Wunused-const-variable -Wunused-function conftest.cpp >&5
configure:9627: $? = 0
configure:9631: /usr/bin/nm -B conftest.o \| sed -n -e 's/^.*[ ]\([BCDEGRST][BCDEGRST]*\)[ ][ ]*\([_A-Za-z][_A-Za-z0-9]*\)$/\1 \2 \2/p' | sed '/ __gnu_lto/d' \> conftest.nm
configure:9634: $? = 0
cannot find nm_test_var in conftest.nm
configure:9624: g++ -c -Wnon-virtual-dtor -Woverloaded-virtual -mmacosx-version-min=10.9 -Wunused-const-variable -Wunused-function conftest.cpp >&5
configure:9627: $? = 0
configure:9631: /usr/bin/nm -B conftest.o \| sed -n -e 's/^.*[ ]\([BCDEGRST][BCDEGRST]*\)[ ][ ]*_\([_A-Za-z][_A-Za-z0-9]*\)$/\1 _\2 \2/p' | sed '/ __gnu_lto/d' \> conftest.nm
configure:9634: $? = 0
configure:9700: g++ -o conftest -Wnon-virtual-dtor -Woverloaded-virtual -mmacosx-version-min=10.9 -Wunused-const-variable -Wunused-function  conftest.cpp conftstm.o >&5
conftest.cpp:25:1: warning: unused variable 'lt__PROGRAM__LTX_preloaded_symbols' [-Wunused-const-variable]
lt__PROGRAM__LTX_preloaded_symbols[] =
^
1 warning generated.
configure:9703: $? = 0
configure:9741: result: ok
configure:9788: checking for sysroot
configure:9818: result: no
configure:9825: checking for a working dd
configure:9863: result: /bin/dd
configure:9867: checking how to truncate binary pipes
configure:9882: result: /bin/dd bs=4096 count=1
configure:10211: checking for mt
configure:10241: result: no
configure:10261: checking if : is a manifest tool
configure:10267: : '-?'
configure:10275: result: no
configure:10331: checking for dsymutil
configure:10347: found /usr/bin/dsymutil
configure:10358: result: dsymutil
configure:10423: checking for nmedit
configure:10439: found /usr/bin/nmedit
configure:10450: result: nmedit
configure:10515: checking for lipo
configure:10531: found /usr/bin/lipo
configure:10542: result: lipo
configure:10607: checking for otool
configure:10623: found /usr/bin/otool
configure:10634: result: otool
configure:10699: checking for otool64
configure:10729: result: no
configure:10774: checking for -single_module linker flag
gcc   -o libconftest.dylib -dynamiclib -Wl,-single_module conftest.c
configure:10807: result: yes
configure:10810: checking for -exported_symbols_list linker flag
configure:10830: g++ -o conftest -Wnon-virtual-dtor -Woverloaded-virtual -mmacosx-version-min=10.9 -Wunused-const-variable -Wunused-function  -Wl,-exported_symbols_list,conftest.sym conftest.cpp  >&5
configure:10830: $? = 0
configure:10840: result: yes
configure:10843: checking for -force_load linker flag
gcc  -c -o conftest.o conftest.c
ar cru libconftest.a conftest.o
ranlib libconftest.a
gcc   -o conftest conftest.c -Wl,-force_load,./libconftest.a
configure:10875: result: yes
configure:10949: checking for dlfcn.h
configure:10949: g++ -c -Wnon-virtual-dtor -Woverloaded-virtual -mmacosx-version-min=10.9 -Wunused-const-variable -Wunused-function conftest.cpp >&5
configure:10949: $? = 0
configure:10949: result: yes
configure:11215: checking for objdir
configure:11230: result: .libs
configure:11494: checking if gcc supports -fno-rtti -fno-exceptions
configure:11512: gcc -c  -mmacosx-version-min=10.9 -Wunused-const-variable -Wunused-function -fno-rtti -fno-exceptions conftest.c >&5
configure:11516: $? = 0
configure:11529: result: yes
configure:11887: checking for gcc option to produce PIC
configure:11894: result: -fno-common -DPIC
configure:11902: checking if gcc PIC flag -fno-common -DPIC works
configure:11920: gcc -c  -mmacosx-version-min=10.9 -Wunused-const-variable -Wunused-function -fno-common -DPIC -DPIC conftest.c >&5
configure:11924: $? = 0
configure:11937: result: yes
configure:11966: checking if gcc static flag -static works
configure:11994: result: no
configure:12009: checking if gcc supports -c -o file.o
configure:12030: gcc -c  -mmacosx-version-min=10.9 -Wunused-const-variable -Wunused-function -o out/conftest2.o conftest.c >&5
configure:12034: $? = 0
configure:12056: result: yes
configure:12064: checking if gcc supports -c -o file.o
configure:12111: result: yes
configure:12144: checking whether the gcc linker (/Applications/Xcode.app/Contents/Developer/Toolchains/XcodeDefault.xctoolchain/usr/bin/ld) supports shared libraries
configure:13403: result: yes
configure:13643: checking dynamic linker characteristics
configure:14461: result: darwin16.5.0 dyld
configure:14583: checking how to hardcode library paths into programs
configure:14608: result: immediate
configure:15156: checking whether stripping libraries is possible
configure:15170: result: yes
configure:15196: checking if libtool supports shared libraries
configure:15198: result: yes
configure:15201: checking whether to build shared libraries
configure:15226: result: yes
configure:15229: checking whether to build static libraries
configure:15233: result: yes
configure:15256: checking how to run the C++ preprocessor
configure:15322: result: g++ -E
configure:15342: g++ -E -mmacosx-version-min=10.9 -Wunused-const-variable -Wunused-function conftest.cpp
configure:15342: $? = 0
configure:15356: g++ -E -mmacosx-version-min=10.9 -Wunused-const-variable -Wunused-function conftest.cpp
conftest.cpp:28:10: fatal error: 'ac_nonexistent.h' file not found
#include <ac_nonexistent.h>
         ^
1 error generated.
configure:15356: $? = 1
configure: failed program was:
| /* confdefs.h */
| #define PACKAGE_NAME "Protocol Buffers"
| #define PACKAGE_TARNAME "protobuf"
| #define PACKAGE_VERSION "3.3.0"
| #define PACKAGE_STRING "Protocol Buffers 3.3.0"
| #define PACKAGE_BUGREPORT "protobuf@googlegroups.com"
| #define PACKAGE_URL ""
| #define PACKAGE "protobuf"
| #define VERSION "3.3.0"
| #define STDC_HEADERS 1
| #define HAVE_SYS_TYPES_H 1
| #define HAVE_SYS_STAT_H 1
| #define HAVE_STDLIB_H 1
| #define HAVE_STRING_H 1
| #define HAVE_MEMORY_H 1
| #define HAVE_STRINGS_H 1
| #define HAVE_INTTYPES_H 1
| #define HAVE_STDINT_H 1
| #define HAVE_UNISTD_H 1
| #define __EXTENSIONS__ 1
| #define _ALL_SOURCE 1
| #define _GNU_SOURCE 1
| #define _POSIX_PTHREAD_SEMANTICS 1
| #define _TANDEM_SOURCE 1
| #define HAVE_DLFCN_H 1
| #define LT_OBJDIR ".libs/"
| /* end confdefs.h.  */
| #include <ac_nonexistent.h>
configure:15518: checking for ld used by g++
configure:15585: result: /Applications/Xcode.app/Contents/Developer/Toolchains/XcodeDefault.xctoolchain/usr/bin/ld
configure:15592: checking if the linker (/Applications/Xcode.app/Contents/Developer/Toolchains/XcodeDefault.xctoolchain/usr/bin/ld) is GNU ld
configure:15607: result: no
configure:15662: checking whether the g++ linker (/Applications/Xcode.app/Contents/Developer/Toolchains/XcodeDefault.xctoolchain/usr/bin/ld) supports shared libraries
configure:16735: result: yes
configure:16771: g++ -c -Wnon-virtual-dtor -Woverloaded-virtual -mmacosx-version-min=10.9 -Wunused-const-variable -Wunused-function conftest.cpp >&5
configure:16774: $? = 0
configure:17255: checking for g++ option to produce PIC
configure:17262: result: -fno-common -DPIC
configure:17270: checking if g++ PIC flag -fno-common -DPIC works
configure:17288: g++ -c -Wnon-virtual-dtor -Woverloaded-virtual -mmacosx-version-min=10.9 -Wunused-const-variable -Wunused-function -fno-common -DPIC -DPIC conftest.cpp >&5
configure:17292: $? = 0
configure:17305: result: yes
configure:17328: checking if g++ static flag -static works
configure:17356: result: no
configure:17368: checking if g++ supports -c -o file.o
configure:17389: g++ -c -Wnon-virtual-dtor -Woverloaded-virtual -mmacosx-version-min=10.9 -Wunused-const-variable -Wunused-function -o out/conftest2.o conftest.cpp >&5
configure:17393: $? = 0
configure:17415: result: yes
configure:17420: checking if g++ supports -c -o file.o
configure:17467: result: yes
configure:17497: checking whether the g++ linker (/Applications/Xcode.app/Contents/Developer/Toolchains/XcodeDefault.xctoolchain/usr/bin/ld) supports shared libraries
configure:17537: result: yes
configure:17678: checking dynamic linker characteristics
configure:18423: result: darwin16.5.0 dyld
configure:18488: checking how to hardcode library paths into programs
configure:18513: result: immediate
configure:18576: checking whether the linker supports version scripts
configure:18592: g++ -o conftest -Wnon-virtual-dtor -Woverloaded-virtual -mmacosx-version-min=10.9 -Wunused-const-variable -Wunused-function  -Wl,--version-script=conftest.map conftest.cpp  >&5
ld: unknown option: --version-script=conftest.map
clang: error: linker command failed with exit code 1 (use -v to see invocation)
configure:18592: $? = 1
configure: failed program was:
| /* confdefs.h */
| #define PACKAGE_NAME "Protocol Buffers"
| #define PACKAGE_TARNAME "protobuf"
| #define PACKAGE_VERSION "3.3.0"
| #define PACKAGE_STRING "Protocol Buffers 3.3.0"
| #define PACKAGE_BUGREPORT "protobuf@googlegroups.com"
| #define PACKAGE_URL ""
| #define PACKAGE "protobuf"
| #define VERSION "3.3.0"
| #define STDC_HEADERS 1
| #define HAVE_SYS_TYPES_H 1
| #define HAVE_SYS_STAT_H 1
| #define HAVE_STDLIB_H 1
| #define HAVE_STRING_H 1
| #define HAVE_MEMORY_H 1
| #define HAVE_STRINGS_H 1
| #define HAVE_INTTYPES_H 1
| #define HAVE_STDINT_H 1
| #define HAVE_UNISTD_H 1
| #define __EXTENSIONS__ 1
| #define _ALL_SOURCE 1
| #define _GNU_SOURCE 1
| #define _POSIX_PTHREAD_SEMANTICS 1
| #define _TANDEM_SOURCE 1
| #define HAVE_DLFCN_H 1
| #define LT_OBJDIR ".libs/"
| /* end confdefs.h.  */
| int main() { return 0; }
configure:18596: result: no
configure:18612: checking for ANSI C header files
configure:18716: result: yes
configure:18727: checking fcntl.h usability
configure:18727: g++ -c -Wnon-virtual-dtor -Woverloaded-virtual -mmacosx-version-min=10.9 -Wunused-const-variable -Wunused-function conftest.cpp >&5
configure:18727: $? = 0
configure:18727: result: yes
configure:18727: checking fcntl.h presence
configure:18727: g++ -E -mmacosx-version-min=10.9 -Wunused-const-variable -Wunused-function conftest.cpp
configure:18727: $? = 0
configure:18727: result: yes
configure:18727: checking for fcntl.h
configure:18727: result: yes
configure:18727: checking for inttypes.h
configure:18727: result: yes
configure:18727: checking limits.h usability
configure:18727: g++ -c -Wnon-virtual-dtor -Woverloaded-virtual -mmacosx-version-min=10.9 -Wunused-const-variable -Wunused-function conftest.cpp >&5
configure:18727: $? = 0
configure:18727: result: yes
configure:18727: checking limits.h presence
configure:18727: g++ -E -mmacosx-version-min=10.9 -Wunused-const-variable -Wunused-function conftest.cpp
configure:18727: $? = 0
configure:18727: result: yes
configure:18727: checking for limits.h
configure:18727: result: yes
configure:18727: checking for stdlib.h
configure:18727: result: yes
configure:18727: checking for unistd.h
configure:18727: result: yes
configure:18739: checking for working memcmp
configure:18782: g++ -o conftest -Wnon-virtual-dtor -Woverloaded-virtual -mmacosx-version-min=10.9 -Wunused-const-variable -Wunused-function  conftest.cpp  >&5
configure:18782: $? = 0
configure:18782: ./conftest
configure:18782: $? = 0
configure:18792: result: yes
configure:18801: checking for working strtod
configure:18842: g++ -o conftest -Wnon-virtual-dtor -Woverloaded-virtual -mmacosx-version-min=10.9 -Wunused-const-variable -Wunused-function  conftest.cpp  >&5
conftest.cpp:76:20: warning: conversion from string literal to 'char *' is deprecated [-Wc++11-compat-deprecated-writable-strings]
    char *string = " +69";
                   ^
conftest.cpp:87:20: warning: conversion from string literal to 'char *' is deprecated [-Wc++11-compat-deprecated-writable-strings]
    char *string = "NaN";
                   ^
2 warnings generated.
configure:18842: $? = 0
configure:18842: ./conftest
configure:18842: $? = 0
configure:18852: result: yes
configure:18917: checking for ftruncate
configure:18917: g++ -o conftest -Wnon-virtual-dtor -Woverloaded-virtual -mmacosx-version-min=10.9 -Wunused-const-variable -Wunused-function  conftest.cpp  >&5
configure:18917: $? = 0
configure:18917: result: yes
configure:18917: checking for memset
configure:18917: g++ -o conftest -Wnon-virtual-dtor -Woverloaded-virtual -mmacosx-version-min=10.9 -Wunused-const-variable -Wunused-function  conftest.cpp  >&5
configure:18917: $? = 0
configure:18917: result: yes
configure:18917: checking for mkdir
configure:18917: g++ -o conftest -Wnon-virtual-dtor -Woverloaded-virtual -mmacosx-version-min=10.9 -Wunused-const-variable -Wunused-function  conftest.cpp  >&5
configure:18917: $? = 0
configure:18917: result: yes
configure:18917: checking for strchr
configure:18917: g++ -o conftest -Wnon-virtual-dtor -Woverloaded-virtual -mmacosx-version-min=10.9 -Wunused-const-variable -Wunused-function  conftest.cpp  >&5
configure:18917: $? = 0
configure:18917: result: yes
configure:18917: checking for strerror
configure:18917: g++ -o conftest -Wnon-virtual-dtor -Woverloaded-virtual -mmacosx-version-min=10.9 -Wunused-const-variable -Wunused-function  conftest.cpp  >&5
configure:18917: $? = 0
configure:18917: result: yes
configure:18917: checking for strtol
configure:18917: g++ -o conftest -Wnon-virtual-dtor -Woverloaded-virtual -mmacosx-version-min=10.9 -Wunused-const-variable -Wunused-function  conftest.cpp  >&5
configure:18917: $? = 0
configure:18917: result: yes
configure:18931: checking zlib version
configure:18951: g++ -c -Wnon-virtual-dtor -Woverloaded-virtual -mmacosx-version-min=10.9 -Wunused-const-variable -Wunused-function conftest.cpp >&5
configure:18951: $? = 0
configure:18953: result: ok (1.2.0.4 or later)
configure:18957: checking for library containing zlibVersion
configure:18988: g++ -o conftest -Wnon-virtual-dtor -Woverloaded-virtual -mmacosx-version-min=10.9 -Wunused-const-variable -Wunused-function  conftest.cpp  >&5
Undefined symbols for architecture x86_64:
  "_zlibVersion", referenced from:
      _main in conftest-8cc5f4.o
ld: symbol(s) not found for architecture x86_64
clang: error: linker command failed with exit code 1 (use -v to see invocation)
configure:18988: $? = 1
configure: failed program was:
| /* confdefs.h */
| #define PACKAGE_NAME "Protocol Buffers"
| #define PACKAGE_TARNAME "protobuf"
| #define PACKAGE_VERSION "3.3.0"
| #define PACKAGE_STRING "Protocol Buffers 3.3.0"
| #define PACKAGE_BUGREPORT "protobuf@googlegroups.com"
| #define PACKAGE_URL ""
| #define PACKAGE "protobuf"
| #define VERSION "3.3.0"
| #define STDC_HEADERS 1
| #define HAVE_SYS_TYPES_H 1
| #define HAVE_SYS_STAT_H 1
| #define HAVE_STDLIB_H 1
| #define HAVE_STRING_H 1
| #define HAVE_MEMORY_H 1
| #define HAVE_STRINGS_H 1
| #define HAVE_INTTYPES_H 1
| #define HAVE_STDINT_H 1
| #define HAVE_UNISTD_H 1
| #define __EXTENSIONS__ 1
| #define _ALL_SOURCE 1
| #define _GNU_SOURCE 1
| #define _POSIX_PTHREAD_SEMANTICS 1
| #define _TANDEM_SOURCE 1
| #define HAVE_DLFCN_H 1
| #define LT_OBJDIR ".libs/"
| #define STDC_HEADERS 1
| #define HAVE_FCNTL_H 1
| #define HAVE_INTTYPES_H 1
| #define HAVE_LIMITS_H 1
| #define HAVE_STDLIB_H 1
| #define HAVE_UNISTD_H 1
| #define HAVE_FTRUNCATE 1
| #define HAVE_MEMSET 1
| #define HAVE_MKDIR 1
| #define HAVE_STRCHR 1
| #define HAVE_STRERROR 1
| #define HAVE_STRTOL 1
| /* end confdefs.h.  */
| 
| /* Override any GCC internal prototype to avoid an error.
|    Use char because int might match the return type of a GCC
|    builtin and then its argument prototype would still apply.  */
| #ifdef __cplusplus
| extern "C"
| #endif
| char zlibVersion ();
| int
| main ()
| {
| return zlibVersion ();
|   ;
|   return 0;
| }
configure:18988: g++ -o conftest -Wnon-virtual-dtor -Woverloaded-virtual -mmacosx-version-min=10.9 -Wunused-const-variable -Wunused-function  conftest.cpp -lz   >&5
configure:18988: $? = 0
configure:19005: result: -lz
configure:19256: checking for the pthreads library -lpthreads
configure:19289: gcc -o conftest   -mmacosx-version-min=10.9 -Wunused-const-variable -Wunused-function  conftest.c -lpthreads -lz  >&5
conftest.c:46:41: warning: null passed to a callee that requires a non-null argument [-Wnonnull]
                     pthread_attr_init(0); pthread_cleanup_push(0, 0);
                                       ~^
conftest.c:47:44: warning: null passed to a callee that requires a non-null argument [-Wnonnull]
                     pthread_create(0,0,0,0); pthread_cleanup_pop(0);
                                    ~      ^
conftest.c:47:44: warning: null passed to a callee that requires a non-null argument [-Wnonnull]
                     pthread_create(0,0,0,0); pthread_cleanup_pop(0);
                                        ~  ^
3 warnings generated.
ld: library not found for -lpthreads
clang: error: linker command failed with exit code 1 (use -v to see invocation)
configure:19289: $? = 1
configure: failed program was:
| /* confdefs.h */
| #define PACKAGE_NAME "Protocol Buffers"
| #define PACKAGE_TARNAME "protobuf"
| #define PACKAGE_VERSION "3.3.0"
| #define PACKAGE_STRING "Protocol Buffers 3.3.0"
| #define PACKAGE_BUGREPORT "protobuf@googlegroups.com"
| #define PACKAGE_URL ""
| #define PACKAGE "protobuf"
| #define VERSION "3.3.0"
| #define STDC_HEADERS 1
| #define HAVE_SYS_TYPES_H 1
| #define HAVE_SYS_STAT_H 1
| #define HAVE_STDLIB_H 1
| #define HAVE_STRING_H 1
| #define HAVE_MEMORY_H 1
| #define HAVE_STRINGS_H 1
| #define HAVE_INTTYPES_H 1
| #define HAVE_STDINT_H 1
| #define HAVE_UNISTD_H 1
| #define __EXTENSIONS__ 1
| #define _ALL_SOURCE 1
| #define _GNU_SOURCE 1
| #define _POSIX_PTHREAD_SEMANTICS 1
| #define _TANDEM_SOURCE 1
| #define HAVE_DLFCN_H 1
| #define LT_OBJDIR ".libs/"
| #define STDC_HEADERS 1
| #define HAVE_FCNTL_H 1
| #define HAVE_INTTYPES_H 1
| #define HAVE_LIMITS_H 1
| #define HAVE_STDLIB_H 1
| #define HAVE_UNISTD_H 1
| #define HAVE_FTRUNCATE 1
| #define HAVE_MEMSET 1
| #define HAVE_MKDIR 1
| #define HAVE_STRCHR 1
| #define HAVE_STRERROR 1
| #define HAVE_STRTOL 1
| #define HAVE_ZLIB 1
| /* end confdefs.h.  */
| #include <pthread.h>
| int
| main ()
| {
| pthread_t th; pthread_join(th, 0);
|                      pthread_attr_init(0); pthread_cleanup_push(0, 0);
|                      pthread_create(0,0,0,0); pthread_cleanup_pop(0);
|   ;
|   return 0;
| }
configure:19298: result: no
configure:19201: checking whether pthreads work without any flags
configure:19289: gcc -o conftest   -mmacosx-version-min=10.9 -Wunused-const-variable -Wunused-function  conftest.c  -lz  >&5
conftest.c:46:41: warning: null passed to a callee that requires a non-null argument [-Wnonnull]
                     pthread_attr_init(0); pthread_cleanup_push(0, 0);
                                       ~^
conftest.c:47:44: warning: null passed to a callee that requires a non-null argument [-Wnonnull]
                     pthread_create(0,0,0,0); pthread_cleanup_pop(0);
                                    ~      ^
conftest.c:47:44: warning: null passed to a callee that requires a non-null argument [-Wnonnull]
                     pthread_create(0,0,0,0); pthread_cleanup_pop(0);
                                        ~  ^
3 warnings generated.
configure:19289: $? = 0
configure:19298: result: yes
configure:19317: checking for joinable pthread attribute
configure:19332: gcc -o conftest   -mmacosx-version-min=10.9 -Wunused-const-variable -Wunused-function  conftest.c  -lz  >&5
configure:19332: $? = 0
configure:19338: result: PTHREAD_CREATE_JOINABLE
configure:19348: checking if more special flags are required for pthreads
configure:19355: result: -D_THREAD_SAFE
configure:19444: checking whether to check for GCC pthread/shared inconsistencies
configure:19457: gcc -o conftest -shared -fPIC -Wl,-z,defs  -D_THREAD_SAFE  -mmacosx-version-min=10.9 -Wunused-const-variable -Wunused-function  conftest.c  -lz  >&5
ld: unknown option: -z
clang: error: linker command failed with exit code 1 (use -v to see invocation)
configure:19457: $? = 1
configure: failed program was:
| /* confdefs.h */
| #define PACKAGE_NAME "Protocol Buffers"
| #define PACKAGE_TARNAME "protobuf"
| #define PACKAGE_VERSION "3.3.0"
| #define PACKAGE_STRING "Protocol Buffers 3.3.0"
| #define PACKAGE_BUGREPORT "protobuf@googlegroups.com"
| #define PACKAGE_URL ""
| #define PACKAGE "protobuf"
| #define VERSION "3.3.0"
| #define STDC_HEADERS 1
| #define HAVE_SYS_TYPES_H 1
| #define HAVE_SYS_STAT_H 1
| #define HAVE_STDLIB_H 1
| #define HAVE_STRING_H 1
| #define HAVE_MEMORY_H 1
| #define HAVE_STRINGS_H 1
| #define HAVE_INTTYPES_H 1
| #define HAVE_STDINT_H 1
| #define HAVE_UNISTD_H 1
| #define __EXTENSIONS__ 1
| #define _ALL_SOURCE 1
| #define _GNU_SOURCE 1
| #define _POSIX_PTHREAD_SEMANTICS 1
| #define _TANDEM_SOURCE 1
| #define HAVE_DLFCN_H 1
| #define LT_OBJDIR ".libs/"
| #define STDC_HEADERS 1
| #define HAVE_FCNTL_H 1
| #define HAVE_INTTYPES_H 1
| #define HAVE_LIMITS_H 1
| #define HAVE_STDLIB_H 1
| #define HAVE_UNISTD_H 1
| #define HAVE_FTRUNCATE 1
| #define HAVE_MEMSET 1
| #define HAVE_MKDIR 1
| #define HAVE_STRCHR 1
| #define HAVE_STRERROR 1
| #define HAVE_STRTOL 1
| #define HAVE_ZLIB 1
| /* end confdefs.h.  */
| 
| int
| main ()
| {
| 
|   ;
|   return 0;
| }
configure:19466: result: no
configure:19585: checking whether what we have so far is sufficient with -nostdlib
configure:19603: gcc -o conftest -nostdlib -shared -fPIC -Wl,-z,defs  -D_THREAD_SAFE  -mmacosx-version-min=10.9 -Wunused-const-variable -Wunused-function  conftest.c  -lz  -lc >&5
conftest.c:46:28: warning: null passed to a callee that requires a non-null argument [-Wnonnull]
               pthread_attr_init(0); pthread_cleanup_push(0, 0);
                                 ~^
conftest.c:47:31: warning: null passed to a callee that requires a non-null argument [-Wnonnull]
               pthread_create(0,0,0,0); pthread_cleanup_pop(0);
                              ~      ^
conftest.c:47:31: warning: null passed to a callee that requires a non-null argument [-Wnonnull]
               pthread_create(0,0,0,0); pthread_cleanup_pop(0);
                                  ~  ^
3 warnings generated.
ld: unknown option: -z
clang: error: linker command failed with exit code 1 (use -v to see invocation)
configure:19603: $? = 1
configure: failed program was:
| /* confdefs.h */
| #define PACKAGE_NAME "Protocol Buffers"
| #define PACKAGE_TARNAME "protobuf"
| #define PACKAGE_VERSION "3.3.0"
| #define PACKAGE_STRING "Protocol Buffers 3.3.0"
| #define PACKAGE_BUGREPORT "protobuf@googlegroups.com"
| #define PACKAGE_URL ""
| #define PACKAGE "protobuf"
| #define VERSION "3.3.0"
| #define STDC_HEADERS 1
| #define HAVE_SYS_TYPES_H 1
| #define HAVE_SYS_STAT_H 1
| #define HAVE_STDLIB_H 1
| #define HAVE_STRING_H 1
| #define HAVE_MEMORY_H 1
| #define HAVE_STRINGS_H 1
| #define HAVE_INTTYPES_H 1
| #define HAVE_STDINT_H 1
| #define HAVE_UNISTD_H 1
| #define __EXTENSIONS__ 1
| #define _ALL_SOURCE 1
| #define _GNU_SOURCE 1
| #define _POSIX_PTHREAD_SEMANTICS 1
| #define _TANDEM_SOURCE 1
| #define HAVE_DLFCN_H 1
| #define LT_OBJDIR ".libs/"
| #define STDC_HEADERS 1
| #define HAVE_FCNTL_H 1
| #define HAVE_INTTYPES_H 1
| #define HAVE_LIMITS_H 1
| #define HAVE_STDLIB_H 1
| #define HAVE_UNISTD_H 1
| #define HAVE_FTRUNCATE 1
| #define HAVE_MEMSET 1
| #define HAVE_MKDIR 1
| #define HAVE_STRCHR 1
| #define HAVE_STRERROR 1
| #define HAVE_STRTOL 1
| #define HAVE_ZLIB 1
| /* end confdefs.h.  */
| #include <pthread.h>
| int
| main ()
| {
| pthread_t th; pthread_join(th, 0);
| 	       pthread_attr_init(0); pthread_cleanup_push(0, 0);
| 	       pthread_create(0,0,0,0); pthread_cleanup_pop(0);
|   ;
|   return 0;
| }
configure:19615: result: no
configure:19620: checking whether -lpthread saves the day
configure:19636: gcc -o conftest -nostdlib -shared -fPIC -Wl,-z,defs  -D_THREAD_SAFE  -mmacosx-version-min=10.9 -Wunused-const-variable -Wunused-function  conftest.c -lpthread  -lz  -lc >&5
conftest.c:46:28: warning: null passed to a callee that requires a non-null argument [-Wnonnull]
               pthread_attr_init(0); pthread_cleanup_push(0, 0);
                                 ~^
conftest.c:47:31: warning: null passed to a callee that requires a non-null argument [-Wnonnull]
               pthread_create(0,0,0,0); pthread_cleanup_pop(0);
                              ~      ^
conftest.c:47:31: warning: null passed to a callee that requires a non-null argument [-Wnonnull]
               pthread_create(0,0,0,0); pthread_cleanup_pop(0);
                                  ~  ^
3 warnings generated.
ld: unknown option: -z
clang: error: linker command failed with exit code 1 (use -v to see invocation)
configure:19636: $? = 1
configure: failed program was:
| /* confdefs.h */
| #define PACKAGE_NAME "Protocol Buffers"
| #define PACKAGE_TARNAME "protobuf"
| #define PACKAGE_VERSION "3.3.0"
| #define PACKAGE_STRING "Protocol Buffers 3.3.0"
| #define PACKAGE_BUGREPORT "protobuf@googlegroups.com"
| #define PACKAGE_URL ""
| #define PACKAGE "protobuf"
| #define VERSION "3.3.0"
| #define STDC_HEADERS 1
| #define HAVE_SYS_TYPES_H 1
| #define HAVE_SYS_STAT_H 1
| #define HAVE_STDLIB_H 1
| #define HAVE_STRING_H 1
| #define HAVE_MEMORY_H 1
| #define HAVE_STRINGS_H 1
| #define HAVE_INTTYPES_H 1
| #define HAVE_STDINT_H 1
| #define HAVE_UNISTD_H 1
| #define __EXTENSIONS__ 1
| #define _ALL_SOURCE 1
| #define _GNU_SOURCE 1
| #define _POSIX_PTHREAD_SEMANTICS 1
| #define _TANDEM_SOURCE 1
| #define HAVE_DLFCN_H 1
| #define LT_OBJDIR ".libs/"
| #define STDC_HEADERS 1
| #define HAVE_FCNTL_H 1
| #define HAVE_INTTYPES_H 1
| #define HAVE_LIMITS_H 1
| #define HAVE_STDLIB_H 1
| #define HAVE_UNISTD_H 1
| #define HAVE_FTRUNCATE 1
| #define HAVE_MEMSET 1
| #define HAVE_MKDIR 1
| #define HAVE_STRCHR 1
| #define HAVE_STRERROR 1
| #define HAVE_STRTOL 1
| #define HAVE_ZLIB 1
| /* end confdefs.h.  */
| #include <pthread.h>
| int
| main ()
| {
| pthread_t th; pthread_join(th, 0);
| 	       pthread_attr_init(0); pthread_cleanup_push(0, 0);
| 	       pthread_create(0,0,0,0); pthread_cleanup_pop(0);
|   ;
|   return 0;
| }
configure:19649: result: no
configure:19651: WARNING: Impossible to determine how to use pthreads with shared libraries and -nostdlib
configure:19695: checking the location of hash_map
configure:19721: g++ -c -Wnon-virtual-dtor -Woverloaded-virtual -mmacosx-version-min=10.9 -Wunused-const-variable -Wunused-function conftest.cpp >&5
configure:19721: $? = 0
configure:19743: g++ -c -Wnon-virtual-dtor -Woverloaded-virtual -mmacosx-version-min=10.9 -Wunused-const-variable -Wunused-function conftest.cpp >&5
configure:19743: $? = 0
configure:19810: result: <unordered_map>
configure:19825: checking for library containing sched_yield
configure:19856: g++ -o conftest -Wnon-virtual-dtor -Woverloaded-virtual -mmacosx-version-min=10.9 -Wunused-const-variable -Wunused-function  conftest.cpp -lz  >&5
configure:19856: $? = 0
configure:19873: result: none required
configure:19912: checking whether g++ supports C++11 features by default
configure:20206: g++ -c -Wnon-virtual-dtor -Woverloaded-virtual -mmacosx-version-min=10.9 -Wunused-const-variable -Wunused-function conftest.cpp >&5
conftest.cpp:60:2: error: "This is not a C++11 compiler"
#error "This is not a C++11 compiler"
 ^
1 error generated.
configure:20206: $? = 1
configure: failed program was:
| /* confdefs.h */
| #define PACKAGE_NAME "Protocol Buffers"
| #define PACKAGE_TARNAME "protobuf"
| #define PACKAGE_VERSION "3.3.0"
| #define PACKAGE_STRING "Protocol Buffers 3.3.0"
| #define PACKAGE_BUGREPORT "protobuf@googlegroups.com"
| #define PACKAGE_URL ""
| #define PACKAGE "protobuf"
| #define VERSION "3.3.0"
| #define STDC_HEADERS 1
| #define HAVE_SYS_TYPES_H 1
| #define HAVE_SYS_STAT_H 1
| #define HAVE_STDLIB_H 1
| #define HAVE_STRING_H 1
| #define HAVE_MEMORY_H 1
| #define HAVE_STRINGS_H 1
| #define HAVE_INTTYPES_H 1
| #define HAVE_STDINT_H 1
| #define HAVE_UNISTD_H 1
| #define __EXTENSIONS__ 1
| #define _ALL_SOURCE 1
| #define _GNU_SOURCE 1
| #define _POSIX_PTHREAD_SEMANTICS 1
| #define _TANDEM_SOURCE 1
| #define HAVE_DLFCN_H 1
| #define LT_OBJDIR ".libs/"
| #define STDC_HEADERS 1
| #define HAVE_FCNTL_H 1
| #define HAVE_INTTYPES_H 1
| #define HAVE_LIMITS_H 1
| #define HAVE_STDLIB_H 1
| #define HAVE_UNISTD_H 1
| #define HAVE_FTRUNCATE 1
| #define HAVE_MEMSET 1
| #define HAVE_MKDIR 1
| #define HAVE_STRCHR 1
| #define HAVE_STRERROR 1
| #define HAVE_STRTOL 1
| #define HAVE_ZLIB 1
| #define HAVE_PTHREAD 1
| #define HAVE_HASH_MAP 1
| #define HAVE_HASH_SET 1
| #define HASH_MAP_H <unordered_map>
| #define HASH_SET_H <unordered_set>
| #define HASH_NAMESPACE std
| #define HASH_MAP_CLASS unordered_map
| #define HASH_SET_CLASS unordered_set
| /* end confdefs.h.  */
| 
| 
| // If the compiler admits that it is not ready for C++11, why torture it?
| // Hopefully, this will speed up the test.
| 
| #ifndef __cplusplus
| 
| #error "This is not a C++ compiler"
| 
| #elif __cplusplus < 201103L
| 
| #error "This is not a C++11 compiler"
| 
| #else
| 
| namespace cxx11
| {
| 
|   namespace test_static_assert
|   {
| 
|     template <typename T>
|     struct check
|     {
|       static_assert(sizeof(int) <= sizeof(T), "not big enough");
|     };
| 
|   }
| 
|   namespace test_final_override
|   {
| 
|     struct Base
|     {
|       virtual void f() {}
|     };
| 
|     struct Derived : public Base
|     {
|       virtual void f() override {}
|     };
| 
|   }
| 
|   namespace test_double_right_angle_brackets
|   {
| 
|     template < typename T >
|     struct check {};
| 
|     typedef check<void> single_type;
|     typedef check<check<void>> double_type;
|     typedef check<check<check<void>>> triple_type;
|     typedef check<check<check<check<void>>>> quadruple_type;
| 
|   }
| 
|   namespace test_decltype
|   {
| 
|     int
|     f()
|     {
|       int a = 1;
|       decltype(a) b = 2;
|       return a + b;
|     }
| 
|   }
| 
|   namespace test_type_deduction
|   {
| 
|     template < typename T1, typename T2 >
|     struct is_same
|     {
|       static const bool value = false;
|     };
| 
|     template < typename T >
|     struct is_same<T, T>
|     {
|       static const bool value = true;
|     };
| 
|     template < typename T1, typename T2 >
|     auto
|     add(T1 a1, T2 a2) -> decltype(a1 + a2)
|     {
|       return a1 + a2;
|     }
| 
|     int
|     test(const int c, volatile int v)
|     {
|       static_assert(is_same<int, decltype(0)>::value == true, "");
|       static_assert(is_same<int, decltype(c)>::value == false, "");
|       static_assert(is_same<int, decltype(v)>::value == false, "");
|       auto ac = c;
|       auto av = v;
|       auto sumi = ac + av + 'x';
|       auto sumf = ac + av + 1.0;
|       static_assert(is_same<int, decltype(ac)>::value == true, "");
|       static_assert(is_same<int, decltype(av)>::value == true, "");
|       static_assert(is_same<int, decltype(sumi)>::value == true, "");
|       static_assert(is_same<int, decltype(sumf)>::value == false, "");
|       static_assert(is_same<int, decltype(add(c, v))>::value == true, "");
|       return (sumf > 0.0) ? sumi : add(c, v);
|     }
| 
|   }
| 
|   namespace test_noexcept
|   {
| 
|     int f() { return 0; }
|     int g() noexcept { return 0; }
| 
|     static_assert(noexcept(f()) == false, "");
|     static_assert(noexcept(g()) == true, "");
| 
|   }
| 
|   namespace test_constexpr
|   {
| 
|     template < typename CharT >
|     unsigned long constexpr
|     strlen_c_r(const CharT *const s, const unsigned long acc) noexcept
|     {
|       return *s ? strlen_c_r(s + 1, acc + 1) : acc;
|     }
| 
|     template < typename CharT >
|     unsigned long constexpr
|     strlen_c(const CharT *const s) noexcept
|     {
|       return strlen_c_r(s, 0UL);
|     }
| 
|     static_assert(strlen_c("") == 0UL, "");
|     static_assert(strlen_c("1") == 1UL, "");
|     static_assert(strlen_c("example") == 7UL, "");
|     static_assert(strlen_c("another\0example") == 7UL, "");
| 
|   }
| 
|   namespace test_rvalue_references
|   {
| 
|     template < int N >
|     struct answer
|     {
|       static constexpr int value = N;
|     };
| 
|     answer<1> f(int&)       { return answer<1>(); }
|     answer<2> f(const int&) { return answer<2>(); }
|     answer<3> f(int&&)      { return answer<3>(); }
| 
|     void
|     test()
|     {
|       int i = 0;
|       const int c = 0;
|       static_assert(decltype(f(i))::value == 1, "");
|       static_assert(decltype(f(c))::value == 2, "");
|       static_assert(decltype(f(0))::value == 3, "");
|     }
| 
|   }
| 
|   namespace test_uniform_initialization
|   {
| 
|     struct test
|     {
|       static const int zero {};
|       static const int one {1};
|     };
| 
|     static_assert(test::zero == 0, "");
|     static_assert(test::one == 1, "");
| 
|   }
| 
|   namespace test_lambdas
|   {
| 
|     void
|     test1()
|     {
|       auto lambda1 = [](){};
|       auto lambda2 = lambda1;
|       lambda1();
|       lambda2();
|     }
| 
|     int
|     test2()
|     {
|       auto a = [](int i, int j){ return i + j; }(1, 2);
|       auto b = []() -> int { return '0'; }();
|       auto c = [=](){ return a + b; }();
|       auto d = [&](){ return c; }();
|       auto e = [a, &b](int x) mutable {
|         const auto identity = [](int y){ return y; };
|         for (auto i = 0; i < a; ++i)
|           a += b--;
|         return x + identity(a + b);
|       }(0);
|       return a + b + c + d + e;
|     }
| 
|     int
|     test3()
|     {
|       const auto nullary = [](){ return 0; };
|       const auto unary = [](int x){ return x; };
|       using nullary_t = decltype(nullary);
|       using unary_t = decltype(unary);
|       const auto higher1st = [](nullary_t f){ return f(); };
|       const auto higher2nd = [unary](nullary_t f1){
|         return [unary, f1](unary_t f2){ return f2(unary(f1())); };
|       };
|       return higher1st(nullary) + higher2nd(nullary)(unary);
|     }
| 
|   }
| 
|   namespace test_variadic_templates
|   {
| 
|     template <int...>
|     struct sum;
| 
|     template <int N0, int... N1toN>
|     struct sum<N0, N1toN...>
|     {
|       static constexpr auto value = N0 + sum<N1toN...>::value;
|     };
| 
|     template <>
|     struct sum<>
|     {
|       static constexpr auto value = 0;
|     };
| 
|     static_assert(sum<>::value == 0, "");
|     static_assert(sum<1>::value == 1, "");
|     static_assert(sum<23>::value == 23, "");
|     static_assert(sum<1, 2>::value == 3, "");
|     static_assert(sum<5, 5, 11>::value == 21, "");
|     static_assert(sum<2, 3, 5, 7, 11, 13>::value == 41, "");
| 
|   }
| 
|   // http://stackoverflow.com/questions/13728184/template-aliases-and-sfinae
|   // Clang 3.1 fails with headers of libstd++ 4.8.3 when using std::function
|   // because of this.
|   namespace test_template_alias_sfinae
|   {
| 
|     struct foo {};
| 
|     template<typename T>
|     using member = typename T::member_type;
| 
|     template<typename T>
|     void func(...) {}
| 
|     template<typename T>
|     void func(member<T>*) {}
| 
|     void test();
| 
|     void test() { func<foo>(0); }
| 
|   }
| 
| }  // namespace cxx11
| 
| #endif  // __cplusplus >= 201103L
| 
| 
| 
configure:20213: result: no
configure:20225: checking whether g++ supports C++11 features with -std=c++11
configure:20521: g++ -std=c++11 -c -Wnon-virtual-dtor -Woverloaded-virtual -mmacosx-version-min=10.9 -Wunused-const-variable -Wunused-function conftest.cpp >&5
conftest.cpp:81:12: warning: 'cxx11::test_final_override::Base' has virtual functions but non-virtual destructor [-Wnon-virtual-dtor]
    struct Base
           ^
conftest.cpp:86:12: warning: 'cxx11::test_final_override::Derived' has virtual functions but non-virtual destructor [-Wnon-virtual-dtor]
    struct Derived : public Base
           ^
2 warnings generated.
configure:20521: $? = 0
configure:20530: result: yes
configure:20696: checking that generated files are newer than configure
configure:20702: result: done
configure:20765: creating ./config.status

## ---------------------- ##
## Running config.status. ##
## ---------------------- ##

This file was extended by Protocol Buffers config.status 3.3.0, which was
generated by GNU Autoconf 2.69.  Invocation command line was

  CONFIG_FILES    = 
  CONFIG_HEADERS  = 
  CONFIG_LINKS    = 
  CONFIG_COMMANDS = 
  $ ./config.status 

on cerulean.local

config.status:1224: creating Makefile
config.status:1224: creating src/Makefile
config.status:1224: creating benchmarks/Makefile
config.status:1224: creating conformance/Makefile
config.status:1224: creating protobuf.pc
config.status:1224: creating protobuf-lite.pc
config.status:1224: creating config.h
config.status:1453: executing depfiles commands
config.status:1453: executing libtool commands
configure:23244: === configuring in gmock (/Users/Overcyn/Downloads/protobuf-3.3.0/gmock)
configure:23307: running /bin/sh ./configure --disable-option-checking '--prefix=/usr/local'  'CPPFLAGS=-mmacosx-version-min=10.9 -Wunused-const-variable -Wunused-function' 'CXXFLAGS=-Wnon-virtual-dtor -Woverloaded-virtual' --cache-file=/dev/null --srcdir=.

## ---------------- ##
## Cache variables. ##
## ---------------- ##

ac_cv_build=x86_64-apple-darwin16.5.0
ac_cv_build_prog_CPP='gcc -E'
ac_cv_build_prog_CXXCPP='g++ -E'
ac_cv_build_prog_cc_g=yes
ac_cv_build_prog_cxx_g=yes
ac_cv_c_compiler_gnu=yes
ac_cv_cxx_compiler_gnu=yes
ac_cv_cxx_hash_map='<unordered_map>'
ac_cv_cxx_hash_map_class=unordered_map
ac_cv_cxx_hash_namespace=std
ac_cv_cxx_hash_set='<unordered_set>'
ac_cv_cxx_hash_set_class=unordered_set
ac_cv_env_CCC_set=
ac_cv_env_CCC_value=
ac_cv_env_CC_set=
ac_cv_env_CC_value=
ac_cv_env_CFLAGS_set=
ac_cv_env_CFLAGS_value=
ac_cv_env_CPPFLAGS_set=set
ac_cv_env_CPPFLAGS_value='-mmacosx-version-min=10.9 -Wunused-const-variable -Wunused-function'
ac_cv_env_CPP_set=
ac_cv_env_CPP_value=
ac_cv_env_CXXCPP_set=
ac_cv_env_CXXCPP_value=
ac_cv_env_CXXFLAGS_set=set
ac_cv_env_CXXFLAGS_value='-Wnon-virtual-dtor -Woverloaded-virtual'
ac_cv_env_CXX_set=
ac_cv_env_CXX_value=
ac_cv_env_DIST_LANG_set=
ac_cv_env_DIST_LANG_value=
ac_cv_env_LDFLAGS_set=
ac_cv_env_LDFLAGS_value=
ac_cv_env_LIBS_set=
ac_cv_env_LIBS_value=
ac_cv_env_LT_SYS_LIBRARY_PATH_set=
ac_cv_env_LT_SYS_LIBRARY_PATH_value=
ac_cv_env_OBJCFLAGS_set=
ac_cv_env_OBJCFLAGS_value=
ac_cv_env_OBJC_set=
ac_cv_env_OBJC_value=
ac_cv_env_build_alias_set=
ac_cv_env_build_alias_value=
ac_cv_env_host_alias_set=
ac_cv_env_host_alias_value=
ac_cv_env_target_alias_set=
ac_cv_env_target_alias_value=
ac_cv_func_ftruncate=yes
ac_cv_func_memcmp_working=yes
ac_cv_func_memset=yes
ac_cv_func_mkdir=yes
ac_cv_func_strchr=yes
ac_cv_func_strerror=yes
ac_cv_func_strtod=yes
ac_cv_func_strtol=yes
ac_cv_have_decl___SUNPRO_CC=no
ac_cv_header_dlfcn_h=yes
ac_cv_header_fcntl_h=yes
ac_cv_header_inttypes_h=yes
ac_cv_header_limits_h=yes
ac_cv_header_memory_h=yes
ac_cv_header_minix_config_h=no
ac_cv_header_stdc=yes
ac_cv_header_stdint_h=yes
ac_cv_header_stdlib_h=yes
ac_cv_header_string_h=yes
ac_cv_header_strings_h=yes
ac_cv_header_sys_stat_h=yes
ac_cv_header_sys_types_h=yes
ac_cv_header_unistd_h=yes
ac_cv_host=x86_64-apple-darwin16.5.0
ac_cv_objc_compiler_gnu=yes
ac_cv_objext=o
ac_cv_path_EGREP='/usr/bin/grep -E'
ac_cv_path_FGREP='/usr/bin/grep -F'
ac_cv_path_GREP=/usr/bin/grep
ac_cv_path_SED=/usr/bin/sed
ac_cv_path_install='/usr/bin/install -c'
ac_cv_path_lt_DD=/bin/dd
ac_cv_prog_AWK=awk
ac_cv_prog_CPP='gcc -E'
ac_cv_prog_CXXCPP='g++ -E'
ac_cv_prog_ac_ct_AR=ar
ac_cv_prog_ac_ct_CC=gcc
ac_cv_prog_ac_ct_CC_FOR_BUILD=gcc
ac_cv_prog_ac_ct_CXX=g++
ac_cv_prog_ac_ct_CXX_FOR_BUILD=g++
ac_cv_prog_ac_ct_DSYMUTIL=dsymutil
ac_cv_prog_ac_ct_LIPO=lipo
ac_cv_prog_ac_ct_NMEDIT=nmedit
ac_cv_prog_ac_ct_OBJC=gcc
ac_cv_prog_ac_ct_OBJDUMP=objdump
ac_cv_prog_ac_ct_OTOOL=otool
ac_cv_prog_ac_ct_RANLIB=ranlib
ac_cv_prog_ac_ct_STRIP=strip
ac_cv_prog_cc_c89=
ac_cv_prog_cc_g=yes
ac_cv_prog_cxx_g=yes
ac_cv_prog_make_make_set=yes
ac_cv_prog_objc_g=yes
ac_cv_safe_to_define___extensions__=yes
ac_cv_search_sched_yield='none required'
ac_cv_search_zlibVersion=-lz
ac_cv_target=x86_64-apple-darwin16.5.0
am_cv_CC_dependencies_compiler_type=gcc3
am_cv_CXX_dependencies_compiler_type=gcc3
am_cv_OBJC_dependencies_compiler_type=gcc3
am_cv_ar_interface=ar
am_cv_make_support_nested_variables=yes
am_cv_prog_cc_c_o=yes
am_cv_prog_tar_ustar=gnutar
ax_cv_cxx_compile_cxx11=no
ax_cv_cxx_compile_cxx11__std_cpp11=yes
lt_cv_apple_cc_single_mod=yes
lt_cv_ar_at_file=no
lt_cv_deplibs_check_method=pass_all
lt_cv_file_magic_cmd='$MAGIC_CMD'
lt_cv_file_magic_test_file=
lt_cv_ld_exported_symbols_list=yes
lt_cv_ld_force_load=yes
lt_cv_ld_reload_flag=-r
lt_cv_nm_interface='BSD nm'
lt_cv_objdir=.libs
lt_cv_path_LD=/Applications/Xcode.app/Contents/Developer/Toolchains/XcodeDefault.xctoolchain/usr/bin/ld
lt_cv_path_LDCXX=/Applications/Xcode.app/Contents/Developer/Toolchains/XcodeDefault.xctoolchain/usr/bin/ld
lt_cv_path_NM='/usr/bin/nm -B'
lt_cv_path_mainfest_tool=no
lt_cv_prog_compiler_c_o=yes
lt_cv_prog_compiler_c_o_CXX=yes
lt_cv_prog_compiler_pic='-fno-common -DPIC'
lt_cv_prog_compiler_pic_CXX='-fno-common -DPIC'
lt_cv_prog_compiler_pic_works=yes
lt_cv_prog_compiler_pic_works_CXX=yes
lt_cv_prog_compiler_rtti_exceptions=yes
lt_cv_prog_compiler_static_works=no
lt_cv_prog_compiler_static_works_CXX=no
lt_cv_prog_gnu_ld=no
lt_cv_prog_gnu_ldcxx=no
lt_cv_sharedlib_from_linklib_cmd='printf %s\n'
lt_cv_sys_global_symbol_pipe='sed -n -e '\''s/^.*[	 ]\([BCDEGRST][BCDEGRST]*\)[	 ][	 ]*_\([_A-Za-z][_A-Za-z0-9]*\)$/\1 _\2 \2/p'\'' | sed '\''/ __gnu_lto/d'\'''
lt_cv_sys_global_symbol_to_c_name_address='sed -n -e '\''s/^: \(.*\) .*$/  {"\1", (void *) 0},/p'\'' -e '\''s/^[BCDEGRST][BCDEGRST]* .* \(.*\)$/  {"\1", (void *) \&\1},/p'\'''
lt_cv_sys_global_symbol_to_c_name_address_lib_prefix='sed -n -e '\''s/^: \(.*\) .*$/  {"\1", (void *) 0},/p'\'' -e '\''s/^[BCDEGRST][BCDEGRST]* .* \(lib.*\)$/  {"\1", (void *) \&\1},/p'\'' -e '\''s/^[BCDEGRST][BCDEGRST]* .* \(.*\)$/  {"lib\1", (void *) \&\1},/p'\'''
lt_cv_sys_global_symbol_to_cdecl='sed -n -e '\''s/^T .* \(.*\)$/extern int \1();/p'\'' -e '\''s/^[BCDEGRST][BCDEGRST]* .* \(.*\)$/extern char \1;/p'\'''
lt_cv_sys_global_symbol_to_import=
lt_cv_sys_max_cmd_len=196608
lt_cv_to_host_file_cmd=func_convert_file_noop
lt_cv_to_tool_file_cmd=func_convert_file_noop
lt_cv_truncate_bin='/bin/dd bs=4096 count=1'

## ----------------- ##
## Output variables. ##
## ----------------- ##

ACLOCAL='${SHELL} /Users/Overcyn/Downloads/protobuf-3.3.0/missing aclocal-1.15'
AMDEPBACKSLASH='\'
AMDEP_FALSE='#'
AMDEP_TRUE=''
AMTAR='$${TAR-tar}'
AM_BACKSLASH='\'
AM_DEFAULT_V='$(AM_DEFAULT_VERBOSITY)'
AM_DEFAULT_VERBOSITY='1'
AM_V='$(V)'
AR='ar'
AUTOCONF='${SHELL} /Users/Overcyn/Downloads/protobuf-3.3.0/missing autoconf'
AUTOHEADER='${SHELL} /Users/Overcyn/Downloads/protobuf-3.3.0/missing autoheader'
AUTOMAKE='${SHELL} /Users/Overcyn/Downloads/protobuf-3.3.0/missing automake-1.15'
AWK='awk'
BUILD_EXEEXT=''
BUILD_OBJEXT=''
CC='gcc'
CCDEPMODE='depmode=gcc3'
CC_FOR_BUILD='gcc'
CFLAGS=''
CFLAGS_FOR_BUILD='-g -O2'
CPP='gcc -E'
CPPFLAGS='-mmacosx-version-min=10.9 -Wunused-const-variable -Wunused-function'
CPPFLAGS_FOR_BUILD=''
CPP_FOR_BUILD='gcc -E'
CXX='g++ -std=c++11'
CXXCPP='g++ -E -std=c++11'
CXXCPPFLAGS_FOR_BUILD=''
CXXCPP_FOR_BUILD='g++ -E'
CXXDEPMODE='depmode=gcc3'
CXXFLAGS='-Wnon-virtual-dtor -Woverloaded-virtual'
CXXFLAGS_FOR_BUILD='-g -O2'
CXX_FOR_BUILD='g++'
CYGPATH_W='echo'
DEFS='-DHAVE_CONFIG_H'
DEPDIR='.deps'
DIST_LANG='all'
DLLTOOL='false'
DSYMUTIL='dsymutil'
DUMPBIN=''
ECHO_C='\c'
ECHO_N=''
ECHO_T=''
EGREP='/usr/bin/grep -E'
EXEEXT=''
FGREP='/usr/bin/grep -F'
GCC_FALSE='#'
GCC_TRUE=''
GREP='/usr/bin/grep'
HAVE_CXX11='1'
HAVE_LD_VERSION_SCRIPT_FALSE=''
HAVE_LD_VERSION_SCRIPT_TRUE='#'
HAVE_PTHREAD_FALSE='#'
HAVE_PTHREAD_TRUE=''
HAVE_ZLIB_FALSE='#'
HAVE_ZLIB_TRUE=''
INSTALL_DATA='${INSTALL} -m 644'
INSTALL_PROGRAM='${INSTALL}'
INSTALL_SCRIPT='${INSTALL}'
INSTALL_STRIP_PROGRAM='$(install_sh) -c -s'
ISAINFO=''
LD='/Applications/Xcode.app/Contents/Developer/Toolchains/XcodeDefault.xctoolchain/usr/bin/ld'
LDFLAGS=''
LDFLAGS_FOR_BUILD=''
LIBOBJS=''
LIBS='-lz '
LIBTOOL='$(SHELL) $(top_builddir)/libtool'
LIPO='lipo'
LN_S='ln -s'
LTLIBOBJS=''
LT_SYS_LIBRARY_PATH=''
MAINT=''
MAINTAINER_MODE_FALSE='#'
MAINTAINER_MODE_TRUE=''
MAKEINFO='${SHELL} /Users/Overcyn/Downloads/protobuf-3.3.0/missing makeinfo'
MANIFEST_TOOL=':'
MKDIR_P='./install-sh -c -d'
NM='/usr/bin/nm -B'
NMEDIT='nmedit'
OBJC='gcc'
OBJCDEPMODE='depmode=gcc3'
OBJCFLAGS='-g -O2'
OBJC_CONFORMANCE_TEST_FALSE='#'
OBJC_CONFORMANCE_TEST_TRUE=''
OBJDUMP='objdump'
OBJEXT='o'
OTOOL64=':'
OTOOL='otool'
PACKAGE='protobuf'
PACKAGE_BUGREPORT='protobuf@googlegroups.com'
PACKAGE_NAME='Protocol Buffers'
PACKAGE_STRING='Protocol Buffers 3.3.0'
PACKAGE_TARNAME='protobuf'
PACKAGE_URL=''
PACKAGE_VERSION='3.3.0'
PATH_SEPARATOR=':'
POW_LIB=''
PROTOBUF_OPT_FLAG=''
PROTOC=''
PTHREAD_CC='gcc'
PTHREAD_CFLAGS='-D_THREAD_SAFE '
PTHREAD_LIBS=''
RANLIB='ranlib'
SED='/usr/bin/sed'
SET_MAKE=''
SHELL='/bin/sh'
STRIP='strip'
USE_EXTERNAL_PROTOC_FALSE=''
USE_EXTERNAL_PROTOC_TRUE='#'
VERSION='3.3.0'
ac_ct_AR='ar'
ac_ct_CC='gcc'
ac_ct_CC_FOR_BUILD='gcc'
ac_ct_CXX='g++'
ac_ct_CXX_FOR_BUILD='g++'
ac_ct_DUMPBIN=''
ac_ct_OBJC='gcc'
acx_pthread_config=''
am__EXEEXT_FALSE=''
am__EXEEXT_TRUE='#'
am__fastdepCC_FALSE='#'
am__fastdepCC_TRUE=''
am__fastdepCXX_FALSE='#'
am__fastdepCXX_TRUE=''
am__fastdepOBJC_FALSE='#'
am__fastdepOBJC_TRUE=''
am__include='include'
am__isrc=''
am__leading_dot='.'
am__nodep='_no'
am__quote=''
am__tar='tar --format=ustar -chf - "$$tardir"'
am__untar='tar -xf -'
bindir='${exec_prefix}/bin'
build='x86_64-apple-darwin16.5.0'
build_alias=''
build_cpu='x86_64'
build_os='darwin16.5.0'
build_vendor='apple'
datadir='${datarootdir}'
datarootdir='${prefix}/share'
docdir='${datarootdir}/doc/${PACKAGE_TARNAME}'
dvidir='${docdir}'
exec_prefix='${prefix}'
host='x86_64-apple-darwin16.5.0'
host_alias=''
host_cpu='x86_64'
host_os='darwin16.5.0'
host_vendor='apple'
htmldir='${docdir}'
includedir='${prefix}/include'
infodir='${datarootdir}/info'
install_sh='${SHELL} /Users/Overcyn/Downloads/protobuf-3.3.0/install-sh'
libdir='${exec_prefix}/lib'
libexecdir='${exec_prefix}/libexec'
localedir='${datarootdir}/locale'
localstatedir='${prefix}/var'
mandir='${datarootdir}/man'
mkdir_p='$(MKDIR_P)'
oldincludedir='/usr/include'
pdfdir='${docdir}'
prefix='/usr/local'
program_transform_name='s,x,x,'
psdir='${docdir}'
sbindir='${exec_prefix}/sbin'
sharedstatedir='${prefix}/com'
subdirs=' gmock'
sysconfdir='${prefix}/etc'
target='x86_64-apple-darwin16.5.0'
target_alias=''
target_cpu='x86_64'
target_os='darwin16.5.0'
target_vendor='apple'

## ----------- ##
## confdefs.h. ##
## ----------- ##

/* confdefs.h */
#define PACKAGE_NAME "Protocol Buffers"
#define PACKAGE_TARNAME "protobuf"
#define PACKAGE_VERSION "3.3.0"
#define PACKAGE_STRING "Protocol Buffers 3.3.0"
#define PACKAGE_BUGREPORT "protobuf@googlegroups.com"
#define PACKAGE_URL ""
#define PACKAGE "protobuf"
#define VERSION "3.3.0"
#define STDC_HEADERS 1
#define HAVE_SYS_TYPES_H 1
#define HAVE_SYS_STAT_H 1
#define HAVE_STDLIB_H 1
#define HAVE_STRING_H 1
#define HAVE_MEMORY_H 1
#define HAVE_STRINGS_H 1
#define HAVE_INTTYPES_H 1
#define HAVE_STDINT_H 1
#define HAVE_UNISTD_H 1
#define __EXTENSIONS__ 1
#define _ALL_SOURCE 1
#define _GNU_SOURCE 1
#define _POSIX_PTHREAD_SEMANTICS 1
#define _TANDEM_SOURCE 1
#define HAVE_DLFCN_H 1
#define LT_OBJDIR ".libs/"
#define STDC_HEADERS 1
#define HAVE_FCNTL_H 1
#define HAVE_INTTYPES_H 1
#define HAVE_LIMITS_H 1
#define HAVE_STDLIB_H 1
#define HAVE_UNISTD_H 1
#define HAVE_FTRUNCATE 1
#define HAVE_MEMSET 1
#define HAVE_MKDIR 1
#define HAVE_STRCHR 1
#define HAVE_STRERROR 1
#define HAVE_STRTOL 1
#define HAVE_ZLIB 1
#define HAVE_PTHREAD 1
#define HAVE_HASH_MAP 1
#define HAVE_HASH_SET 1
#define HASH_MAP_H <unordered_map>
#define HASH_SET_H <unordered_set>
#define HASH_NAMESPACE std
#define HASH_MAP_CLASS unordered_map
#define HASH_SET_CLASS unordered_set
#define HAVE_CXX11 1

configure: exit 0
